c:\users\abhij\documents\in2026 asteroids coursework code\vc\asteroids\debug\vc143.pdb
c:\users\abhij\documents\in2026 asteroids coursework code\vc\asteroids\debug\vc143.idb
c:\users\abhij\documents\in2026 asteroids coursework code\vc\asteroids\debug\asteroid.obj
c:\users\abhij\documents\in2026 asteroids coursework code\vc\asteroids\debug\asteroids.obj
c:\users\abhij\documents\in2026 asteroids coursework code\vc\asteroids\debug\bullet.obj
c:\users\abhij\documents\in2026 asteroids coursework code\vc\asteroids\debug\explosion.obj
c:\users\abhij\documents\in2026 asteroids coursework code\vc\asteroids\debug\extralife.obj
c:\users\abhij\documents\in2026 asteroids coursework code\vc\asteroids\debug\galaxy.obj
c:\users\abhij\documents\in2026 asteroids coursework code\vc\asteroids\debug\hitmarker.obj
c:\users\abhij\documents\in2026 asteroids coursework code\vc\asteroids\debug\homingmissile.obj
c:\users\abhij\documents\in2026 asteroids coursework code\vc\asteroids\debug\homingpickup.obj
c:\users\abhij\documents\in2026 asteroids coursework code\vc\asteroids\debug\main.obj
c:\users\abhij\documents\in2026 asteroids coursework code\vc\asteroids\debug\portal.obj
c:\users\abhij\documents\in2026 asteroids coursework code\vc\asteroids\debug\spaceship.obj
c:\users\abhij\documents\in2026 asteroids coursework code\vc\asteroids\debug\spiralbullet.obj
c:\users\abhij\documents\in2026 asteroids coursework code\vc\asteroids\debug\spiralpickup.obj
c:\users\abhij\documents\in2026 asteroids coursework code\vc\asteroids\debug\star.obj
c:\users\abhij\documents\in2026 asteroids coursework code\vc\asteroids\debug\turret.obj
c:\users\abhij\documents\in2026 asteroids coursework code\vc\asteroids\debug\turretpickup.obj
c:\users\abhij\documents\in2026 asteroids coursework code\vc\asteroids\debug\upgrades.obj
c:\users\abhij\documents\in2026 asteroids coursework code\bin\asteroids.exe
c:\users\abhij\documents\in2026 asteroids coursework code\vc\asteroids\debug\asteroids.pdb
c:\users\abhij\documents\in2026 asteroids coursework code\vc\asteroids\debug\asteroids.ilk
c:\users\abhij\documents\in2026 asteroids coursework code\vc\asteroids\debug\asteroids.tlog\cl.command.1.tlog
c:\users\abhij\documents\in2026 asteroids coursework code\vc\asteroids\debug\asteroids.tlog\cl.items.tlog
c:\users\abhij\documents\in2026 asteroids coursework code\vc\asteroids\debug\asteroids.tlog\cl.read.1.tlog
c:\users\abhij\documents\in2026 asteroids coursework code\vc\asteroids\debug\asteroids.tlog\cl.write.1.tlog
c:\users\abhij\documents\in2026 asteroids coursework code\vc\asteroids\debug\asteroids.tlog\link.command.1.tlog
c:\users\abhij\documents\in2026 asteroids coursework code\vc\asteroids\debug\asteroids.tlog\link.read.1.tlog
c:\users\abhij\documents\in2026 asteroids coursework code\vc\asteroids\debug\asteroids.tlog\link.secondary.1.tlog
c:\users\abhij\documents\in2026 asteroids coursework code\vc\asteroids\debug\asteroids.tlog\link.write.1.tlog
