cl : command line  warning D9035: option 'Gm' has been deprecated and will be removed in a future release
  Bullet.cpp
  Asteroids.cpp
C:\Users\abhij\Documents\IN2026 Asteroids Coursework Code\src\Asteroids.cpp(107,2): warning C4065: switch statement contains 'default' but no 'case' labels
  HomingMissile.cpp
  HitMarker.cpp
  Galaxy.cpp
  ExtraLife.cpp
  Generating Code...
  Skipping... (no relevant changes detected)
  main.cpp
  Spaceship.cpp
  Turret.cpp
  SpiralBullet.cpp
Asteroid.obj : warning LNK4075: ignoring '/EDITANDCONTINUE' due to '/SAFESEH' specification
  Asteroids.vcxproj -> C:\Users\abhij\Documents\IN2026 Asteroids Coursework Code\bin\Asteroids.exe
  ..\..\assets\asteroid.shape
  ..\..\assets\asteroid1_fs.png
  ..\..\assets\bullet.shape
  ..\..\assets\crosshair.png
  ..\..\assets\explosion_fs.png
  ..\..\assets\firing_speed.png
  ..\..\assets\galaxy.png
  ..\..\assets\heart.png
  ..\..\assets\heart_animated.png
  ..\..\assets\meteor_strip.png
  ..\..\assets\missiles.png
  ..\..\assets\missiles_icon.png
  ..\..\assets\rotation_speed.png
  ..\..\assets\shield.png
  ..\..\assets\spaceship.png
  ..\..\assets\spaceship.shape
  ..\..\assets\spaceship_fs.png
  ..\..\assets\speed.png
  ..\..\assets\spiral.png
  ..\..\assets\thruster.shape
  ..\..\assets\thruster_strip.png
  ..\..\assets\turret.png
  ..\..\assets\turret_strip.png
         23 file(s) copied.
